<?xml version="1.0" encoding="UTF-8"?>
<!-- Generated by org.testng.reporters.JUnitXMLReporter -->
<testsuite hostname="kishans-mbp.lan" name="Default test" tests="6" failures="0" timestamp="2 May 2018 12:15:03 GMT" time="21.318" errors="0">
  <testcase name="verifyNumberOfEmployees" time="0.008" classname="com.branch.regression.BranchTeamRegression"/>
  <testcase name="verifyEmployeeNames" time="0.001" classname="com.branch.regression.BranchTeamRegression"/>
  <testcase name="verifyEmployeeDepartments" time="0.001" classname="com.branch.regression.BranchTeamRegression"/>
  <testcase name="verifyEmployeePhotos" time="0.001" classname="com.branch.regression.BranchTeamRegression"/>
  <testcase name="verifyEmployeeDescriptions" time="0.001" classname="com.branch.regression.BranchTeamRegression"/>
  <testcase name="verifyProperDepartmentName" time="0.001" classname="com.branch.regression.BranchTeamRegression"/>
</testsuite> <!-- Default test -->
